[debug] [2021-07-05T22:03:14.945Z] ----------------------------------------------------------------------
[debug] [2021-07-05T22:03:14.947Z] Command:       C:\Program Files\nodejs\node.exe C:\Users\ASUS\AppData\Roaming\npm\node_modules\firebase-tools\lib\bin\firebase.js emulators:start
[debug] [2021-07-05T22:03:14.948Z] CLI Version:   9.14.0
[debug] [2021-07-05T22:03:14.948Z] Platform:      win32
[debug] [2021-07-05T22:03:14.948Z] Node Version:  v14.15.4
[debug] [2021-07-05T22:03:14.949Z] Time:          Tue Jul 06 2021 04:03:14 GMT+0600 (Bangladesh Standard Time)
[debug] [2021-07-05T22:03:14.949Z] ----------------------------------------------------------------------
[debug] 
[debug] [2021-07-05T22:03:14.958Z] > command requires scopes: ["email","openid","https://www.googleapis.com/auth/cloudplatformprojects.readonly","https://www.googleapis.com/auth/firebase","https://www.googleapis.com/auth/cloud-platform"]
[debug] [2021-07-05T22:03:14.958Z] > authorizing via signed-in user (apurbusarder321@gmail.com)
[info] i  emulators: Starting emulators: functions, hosting {"metadata":{"emulator":{"name":"hub"},"message":"Starting emulators: functions, hosting"}}
[debug] [2021-07-05T22:03:15.195Z] [hub] writing locator at C:\Users\ASUS\AppData\Local\Temp\hub-challenge-a5dc5.json
[warn] !  functions: The following emulators are not running, calls to these services from the Functions emulator will affect production: auth, firestore, database, pubsub, storage {"metadata":{"emulator":{"name":"functions"},"message":"The following emulators are not running, calls to these services from the Functions emulator will affect production: \u001b[1mauth, firestore, database, pubsub, storage\u001b[22m"}}
[info] +  functions: Using node@14 from host. {"metadata":{"emulator":{"name":"functions"},"message":"Using node@14 from host."}}
[debug] [2021-07-05T22:03:16.089Z] defaultcredentials: writing to file C:\Users\ASUS\AppData\Roaming\firebase\apurbusarder321_gmail_com_application_default_credentials.json
[debug] [2021-07-05T22:03:16.101Z] Setting GAC to C:\Users\ASUS\AppData\Roaming\firebase\apurbusarder321_gmail_com_application_default_credentials.json {"metadata":{"emulator":{"name":"functions"},"message":"Setting GAC to C:\\Users\\ASUS\\AppData\\Roaming\\firebase\\apurbusarder321_gmail_com_application_default_credentials.json"}}
[debug] [2021-07-05T22:03:16.108Z] > refreshing access token with scopes: []
[debug] [2021-07-05T22:03:16.110Z] >>> HTTP REQUEST POST https://www.googleapis.com/oauth2/v3/token  
 <request body omitted>
[debug] [2021-07-05T22:03:16.710Z] <<< HTTP RESPONSE 200 {"pragma":"no-cache","cache-control":"no-cache, no-store, max-age=0, must-revalidate","expires":"Mon, 01 Jan 1990 00:00:00 GMT","date":"Mon, 05 Jul 2021 22:03:16 GMT","content-type":"application/json; charset=utf-8","vary":"X-Origin, Referer, Origin,Accept-Encoding","server":"scaffolding on HTTPServer2","x-xss-protection":"0","x-frame-options":"SAMEORIGIN","x-content-type-options":"nosniff","alt-svc":"h3=\":443\"; ma=2592000,h3-29=\":443\"; ma=2592000,h3-T051=\":443\"; ma=2592000,h3-Q050=\":443\"; ma=2592000,h3-Q046=\":443\"; ma=2592000,h3-Q043=\":443\"; ma=2592000,quic=\":443\"; ma=2592000; v=\"46,43\"","accept-ranges":"none","transfer-encoding":"chunked"}
[debug] [2021-07-05T22:03:16.848Z] >>> [apiv2][query] GET https://firebase.googleapis.com/v1beta1/projects/challenge-a5dc5/adminSdkConfig [none]
[debug] [2021-07-05T22:03:17.855Z] <<< [apiv2][status] GET https://firebase.googleapis.com/v1beta1/projects/challenge-a5dc5/adminSdkConfig 200
[debug] [2021-07-05T22:03:17.856Z] <<< [apiv2][body] GET https://firebase.googleapis.com/v1beta1/projects/challenge-a5dc5/adminSdkConfig {"projectId":"challenge-a5dc5","databaseURL":"https://challenge-a5dc5-default-rtdb.firebaseio.com","storageBucket":"challenge-a5dc5.appspot.com","locationId":"us-central"}
[debug] [2021-07-05T22:03:19.111Z] >>> [apiv2][query] GET https://firebasehosting.googleapis.com/v1beta1/projects/challenge-a5dc5/sites 
[debug] [2021-07-05T22:03:21.289Z] <<< [apiv2][status] GET https://firebasehosting.googleapis.com/v1beta1/projects/challenge-a5dc5/sites 200
[debug] [2021-07-05T22:03:21.289Z] <<< [apiv2][body] GET https://firebasehosting.googleapis.com/v1beta1/projects/challenge-a5dc5/sites {"sites":[{"name":"projects/849830327929/sites/challenge-a5dc5","defaultUrl":"https://challenge-a5dc5.web.app","appId":"1:849830327929:web:7f9a0e150e2d9c833286a8","type":"DEFAULT_SITE"}]}
[debug] [2021-07-05T22:03:21.290Z] >>> [apiv2][query] GET https://firebase.googleapis.com/v1beta1/projects/challenge-a5dc5/webApps/1:849830327929:web:7f9a0e150e2d9c833286a8/config [none]
[debug] [2021-07-05T22:03:22.888Z] <<< [apiv2][status] GET https://firebase.googleapis.com/v1beta1/projects/challenge-a5dc5/webApps/1:849830327929:web:7f9a0e150e2d9c833286a8/config 200
[debug] [2021-07-05T22:03:22.888Z] <<< [apiv2][body] GET https://firebase.googleapis.com/v1beta1/projects/challenge-a5dc5/webApps/1:849830327929:web:7f9a0e150e2d9c833286a8/config {"projectId":"challenge-a5dc5","appId":"1:849830327929:web:7f9a0e150e2d9c833286a8","databaseURL":"https://challenge-a5dc5-default-rtdb.firebaseio.com","storageBucket":"challenge-a5dc5.appspot.com","locationId":"us-central","apiKey":"AIzaSyBZf7gVL9ew_QN-nqsMmEN-_DKQ6K8-JJI","authDomain":"challenge-a5dc5.firebaseapp.com","messagingSenderId":"849830327929"}
[info] i  hosting: Serving hosting files from: build {"metadata":{"emulator":{"name":"hosting"},"message":"Serving hosting files from: \u001b[1mbuild\u001b[22m"}}
[info] +  hosting: Local server: http://localhost:5000 {"metadata":{"emulator":{"name":"hosting"},"message":"Local server: \u001b[4m\u001b[1mhttp://localhost:5000\u001b[22m\u001b[24m"}}
[warn] !  ui: Emulator UI unable to start on port 4000, starting on 4002 instead. {"metadata":{"emulator":{"name":"ui"},"message":"Emulator UI unable to start on port 4000, starting on 4002 instead."}}
[debug] [2021-07-05T22:03:24.648Z] Ignoring unsupported arg: auto_download {"metadata":{"emulator":{"name":"ui"},"message":"Ignoring unsupported arg: auto_download"}}
[debug] [2021-07-05T22:03:24.649Z] Ignoring unsupported arg: port {"metadata":{"emulator":{"name":"ui"},"message":"Ignoring unsupported arg: port"}}
[debug] [2021-07-05T22:03:24.649Z] Starting Emulator UI with command {"binary":"node","args":["C:\\Users\\ASUS\\.cache\\firebase\\emulators\\ui-v1.5.0\\server.bundle.js"],"optionalArgs":[],"joinArgs":false} {"metadata":{"emulator":{"name":"ui"},"message":"Starting Emulator UI with command {\"binary\":\"node\",\"args\":[\"C:\\\\Users\\\\ASUS\\\\.cache\\\\firebase\\\\emulators\\\\ui-v1.5.0\\\\server.bundle.js\"],\"optionalArgs\":[],\"joinArgs\":false}"}}
[info] i  ui: Emulator UI logging to ui-debug.log {"metadata":{"emulator":{"name":"ui"},"message":"Emulator UI logging to \u001b[1mui-debug.log\u001b[22m"}}
[debug] [2021-07-05T22:03:24.895Z] Web / API server started at http://localhost:4002
 {"metadata":{"emulator":{"name":"ui"},"message":"Web / API server started at http://localhost:4002\n"}}
[info] i  functions: Watching "E:\My React App\amazon-clone\functions" for Cloud Functions... {"metadata":{"emulator":{"name":"functions"},"message":"Watching \"E:\\My React App\\amazon-clone\\functions\" for Cloud Functions..."}}
[debug] [2021-07-05T22:03:25.079Z] [worker-pool] addWorker(~diagnostic~) {"metadata":{"emulator":{"name":"functions"},"message":"[worker-pool] addWorker(~diagnostic~)"}}
[debug] [2021-07-05T22:03:25.079Z] [worker-pool] Adding worker with key ~diagnostic~, total=1 {"metadata":{"emulator":{"name":"functions"},"message":"[worker-pool] Adding worker with key ~diagnostic~, total=1"}}
[debug] [2021-07-05T22:03:25.080Z] [worker-pool] submitWork(triggerId=) {"metadata":{"emulator":{"name":"functions"},"message":"[worker-pool] submitWork(triggerId=)"}}
[debug] [2021-07-05T22:03:25.080Z] [worker-~diagnostic~-db85937a-a27e-4e64-a618-b578dacce085]: Assigning socketPath: \\?\pipe\E:\My React App\amazon-clone\functions\7592 {"metadata":{"emulator":{"name":"functions"},"message":"[worker-~diagnostic~-db85937a-a27e-4e64-a618-b578dacce085]: Assigning socketPath: \\\\?\\pipe\\E:\\My React App\\amazon-clone\\functions\\7592"}}
[debug] [2021-07-05T22:03:25.081Z] [worker-~diagnostic~-db85937a-a27e-4e64-a618-b578dacce085]: BUSY {"metadata":{"emulator":{"name":"functions"},"message":"[worker-~diagnostic~-db85937a-a27e-4e64-a618-b578dacce085]: BUSY"}}
[debug] [2021-07-05T22:03:25.380Z] [runtime-status] [7592] Functions runtime initialized. {"cwd":"E:\\My React App\\amazon-clone\\functions","node_version":"14.15.4"} {"metadata":{"emulator":{"name":"functions"},"message":"[runtime-status] [7592] Functions runtime initialized. {\"cwd\":\"E:\\\\My React App\\\\amazon-clone\\\\functions\",\"node_version\":\"14.15.4\"}"}}
[debug] [2021-07-05T22:03:25.384Z] [runtime-status] [7592] Disabled runtime features: undefined {"metadata":{"emulator":{"name":"functions"},"message":"[runtime-status] [7592] Disabled runtime features: undefined"}}
[debug] [2021-07-05T22:03:25.790Z] [runtime-status] [7592] Resolved module firebase-admin {"declared":true,"installed":true,"version":"8.13.0","resolution":"E:\\My React App\\amazon-clone\\functions\\node_modules\\firebase-admin\\lib\\index.js"} {"metadata":{"emulator":{"name":"functions"},"message":"[runtime-status] [7592] Resolved module firebase-admin {\"declared\":true,\"installed\":true,\"version\":\"8.13.0\",\"resolution\":\"E:\\\\My React App\\\\amazon-clone\\\\functions\\\\node_modules\\\\firebase-admin\\\\lib\\\\index.js\"}"}}
[debug] [2021-07-05T22:03:25.973Z] [runtime-status] [7592] Resolved module firebase-functions {"declared":true,"installed":true,"version":"3.14.1","resolution":"E:\\My React App\\amazon-clone\\functions\\node_modules\\firebase-functions\\lib\\index.js"} {"metadata":{"emulator":{"name":"functions"},"message":"[runtime-status] [7592] Resolved module firebase-functions {\"declared\":true,\"installed\":true,\"version\":\"3.14.1\",\"resolution\":\"E:\\\\My React App\\\\amazon-clone\\\\functions\\\\node_modules\\\\firebase-functions\\\\lib\\\\index.js\"}"}}
[debug] [2021-07-05T22:03:25.981Z] [runtime-status] [7592] Resolved module firebase-functions {"declared":true,"installed":true,"version":"3.14.1","resolution":"E:\\My React App\\amazon-clone\\functions\\node_modules\\firebase-functions\\lib\\index.js"} {"metadata":{"emulator":{"name":"functions"},"message":"[runtime-status] [7592] Resolved module firebase-functions {\"declared\":true,\"installed\":true,\"version\":\"3.14.1\",\"resolution\":\"E:\\\\My React App\\\\amazon-clone\\\\functions\\\\node_modules\\\\firebase-functions\\\\lib\\\\index.js\"}"}}
[debug] [2021-07-05T22:03:25.988Z] [runtime-status] [7592] Outgoing network have been stubbed. [{"name":"http","status":"mocked"},{"name":"http","status":"mocked"},{"name":"https","status":"mocked"},{"name":"https","status":"mocked"},{"name":"net","status":"mocked"}] {"metadata":{"emulator":{"name":"functions"},"message":"[runtime-status] [7592] Outgoing network have been stubbed. [{\"name\":\"http\",\"status\":\"mocked\"},{\"name\":\"http\",\"status\":\"mocked\"},{\"name\":\"https\",\"status\":\"mocked\"},{\"name\":\"https\",\"status\":\"mocked\"},{\"name\":\"net\",\"status\":\"mocked\"}]"}}
[debug] [2021-07-05T22:03:25.991Z] [runtime-status] [7592] Resolved module firebase-functions {"declared":true,"installed":true,"version":"3.14.1","resolution":"E:\\My React App\\amazon-clone\\functions\\node_modules\\firebase-functions\\lib\\index.js"} {"metadata":{"emulator":{"name":"functions"},"message":"[runtime-status] [7592] Resolved module firebase-functions {\"declared\":true,\"installed\":true,\"version\":\"3.14.1\",\"resolution\":\"E:\\\\My React App\\\\amazon-clone\\\\functions\\\\node_modules\\\\firebase-functions\\\\lib\\\\index.js\"}"}}
[debug] [2021-07-05T22:03:28.062Z] [runtime-status] [7592] Checked functions.config() {"config":{}} {"metadata":{"emulator":{"name":"functions"},"message":"[runtime-status] [7592] Checked functions.config() {\"config\":{}}"}}
[debug] [2021-07-05T22:03:28.063Z] [runtime-status] [7592] firebase-functions has been stubbed. {"functionsResolution":{"declared":true,"installed":true,"version":"3.14.1","resolution":"E:\\My React App\\amazon-clone\\functions\\node_modules\\firebase-functions\\lib\\index.js"}} {"metadata":{"emulator":{"name":"functions"},"message":"[runtime-status] [7592] firebase-functions has been stubbed. {\"functionsResolution\":{\"declared\":true,\"installed\":true,\"version\":\"3.14.1\",\"resolution\":\"E:\\\\My React App\\\\amazon-clone\\\\functions\\\\node_modules\\\\firebase-functions\\\\lib\\\\index.js\"}}"}}
[debug] [2021-07-05T22:03:28.065Z] [runtime-status] [7592] Resolved module firebase-functions {"declared":true,"installed":true,"version":"3.14.1","resolution":"E:\\My React App\\amazon-clone\\functions\\node_modules\\firebase-functions\\lib\\index.js"} {"metadata":{"emulator":{"name":"functions"},"message":"[runtime-status] [7592] Resolved module firebase-functions {\"declared\":true,\"installed\":true,\"version\":\"3.14.1\",\"resolution\":\"E:\\\\My React App\\\\amazon-clone\\\\functions\\\\node_modules\\\\firebase-functions\\\\lib\\\\index.js\"}"}}
[debug] [2021-07-05T22:03:28.069Z] [runtime-status] [7592] Resolved module firebase-admin {"declared":true,"installed":true,"version":"8.13.0","resolution":"E:\\My React App\\amazon-clone\\functions\\node_modules\\firebase-admin\\lib\\index.js"} {"metadata":{"emulator":{"name":"functions"},"message":"[runtime-status] [7592] Resolved module firebase-admin {\"declared\":true,\"installed\":true,\"version\":\"8.13.0\",\"resolution\":\"E:\\\\My React App\\\\amazon-clone\\\\functions\\\\node_modules\\\\firebase-admin\\\\lib\\\\index.js\"}"}}
[debug] [2021-07-05T22:03:28.071Z] [runtime-status] [7592] Resolved module firebase-functions {"declared":true,"installed":true,"version":"3.14.1","resolution":"E:\\My React App\\amazon-clone\\functions\\node_modules\\firebase-functions\\lib\\index.js"} {"metadata":{"emulator":{"name":"functions"},"message":"[runtime-status] [7592] Resolved module firebase-functions {\"declared\":true,\"installed\":true,\"version\":\"3.14.1\",\"resolution\":\"E:\\\\My React App\\\\amazon-clone\\\\functions\\\\node_modules\\\\firebase-functions\\\\lib\\\\index.js\"}"}}
[debug] [2021-07-05T22:03:28.073Z] [runtime-status] [7592] firebase-admin has been stubbed. {"adminResolution":{"declared":true,"installed":true,"version":"8.13.0","resolution":"E:\\My React App\\amazon-clone\\functions\\node_modules\\firebase-admin\\lib\\index.js"}} {"metadata":{"emulator":{"name":"functions"},"message":"[runtime-status] [7592] firebase-admin has been stubbed. {\"adminResolution\":{\"declared\":true,\"installed\":true,\"version\":\"8.13.0\",\"resolution\":\"E:\\\\My React App\\\\amazon-clone\\\\functions\\\\node_modules\\\\firebase-admin\\\\lib\\\\index.js\"}}"}}
[info] +  functions[us-central1-api]: http function initialized (http://localhost:5001/challenge-a5dc5/us-central1/api). {"metadata":{"emulator":{"name":"functions"},"message":"\u001b[1mhttp\u001b[22m function initialized (http://localhost:5001/challenge-a5dc5/us-central1/api)."}}
[info] 
┌─────────────────────────────────────────────────────────────┐
│ ✔  All emulators ready! It is now safe to connect your app. │
│ i  View Emulator UI at http://localhost:4002                │
└─────────────────────────────────────────────────────────────┘

┌───────────┬────────────────┬─────────────────────────────────┐
│ Emulator  │ Host:Port      │ View in Emulator UI             │
├───────────┼────────────────┼─────────────────────────────────┤
│ Functions │ localhost:5001 │ http://localhost:4002/functions │
├───────────┼────────────────┼─────────────────────────────────┤
│ Hosting   │ localhost:5000 │ n/a                             │
└───────────┴────────────────┴─────────────────────────────────┘
  Emulator Hub running at localhost:4400
  Other reserved ports: 4500

Issues? Report them at https://github.com/firebase/firebase-tools/issues and attach the *-debug.log files.
 
[debug] [2021-07-05T22:03:31.551Z] [worker-~diagnostic~-db85937a-a27e-4e64-a618-b578dacce085]: IDLE {"metadata":{"emulator":{"name":"functions"},"message":"[worker-~diagnostic~-db85937a-a27e-4e64-a618-b578dacce085]: IDLE"}}
[debug] [2021-07-05T22:03:37.957Z] [work-queue] {"queueLength":1,"workRunningCount":0}
[debug] [2021-07-05T22:03:37.959Z] [work-queue] {"queueLength":0,"workRunningCount":1}
[debug] [2021-07-05T22:03:37.961Z] Accepted request POST /challenge-a5dc5/us-central1/api/payments/create?total=0 --> us-central1-api
[debug] [2021-07-05T22:03:37.982Z] [worker-pool] addWorker(us-central1-api) {"metadata":{"emulator":{"name":"functions"},"message":"[worker-pool] addWorker(us-central1-api)"}}
[debug] [2021-07-05T22:03:37.982Z] [worker-pool] Adding worker with key us-central1-api, total=1 {"metadata":{"emulator":{"name":"functions"},"message":"[worker-pool] Adding worker with key us-central1-api, total=1"}}
[debug] [2021-07-05T22:03:37.983Z] [worker-pool] submitWork(triggerId=us-central1-api) {"metadata":{"emulator":{"name":"functions"},"message":"[worker-pool] submitWork(triggerId=us-central1-api)"}}
[debug] [2021-07-05T22:03:37.983Z] [worker-us-central1-api-7a7b8641-c82c-450a-9fb5-588dbf257f14]: Assigning socketPath: \\?\pipe\E:\My React App\amazon-clone\functions\9228 {"metadata":{"emulator":{"name":"functions"},"message":"[worker-us-central1-api-7a7b8641-c82c-450a-9fb5-588dbf257f14]: Assigning socketPath: \\\\?\\pipe\\E:\\My React App\\amazon-clone\\functions\\9228"}}
[debug] [2021-07-05T22:03:37.983Z] [worker-us-central1-api-7a7b8641-c82c-450a-9fb5-588dbf257f14]: BUSY {"metadata":{"emulator":{"name":"functions"},"message":"[worker-us-central1-api-7a7b8641-c82c-450a-9fb5-588dbf257f14]: BUSY"}}
[debug] [2021-07-05T22:03:38.264Z] [runtime-status] [9228] Functions runtime initialized. {"cwd":"E:\\My React App\\amazon-clone\\functions","node_version":"14.15.4"} {"metadata":{"emulator":{"name":"functions"},"function":{"name":"us-central1-api"},"message":"[runtime-status] [9228] Functions runtime initialized. {\"cwd\":\"E:\\\\My React App\\\\amazon-clone\\\\functions\",\"node_version\":\"14.15.4\"}"}}
[debug] [2021-07-05T22:03:38.265Z] [runtime-status] [9228] Disabled runtime features: undefined {"metadata":{"emulator":{"name":"functions"},"function":{"name":"us-central1-api"},"message":"[runtime-status] [9228] Disabled runtime features: undefined"}}
[debug] [2021-07-05T22:03:38.268Z] [runtime-status] [9228] Resolved module firebase-admin {"declared":true,"installed":true,"version":"8.13.0","resolution":"E:\\My React App\\amazon-clone\\functions\\node_modules\\firebase-admin\\lib\\index.js"} {"metadata":{"emulator":{"name":"functions"},"function":{"name":"us-central1-api"},"message":"[runtime-status] [9228] Resolved module firebase-admin {\"declared\":true,\"installed\":true,\"version\":\"8.13.0\",\"resolution\":\"E:\\\\My React App\\\\amazon-clone\\\\functions\\\\node_modules\\\\firebase-admin\\\\lib\\\\index.js\"}"}}
[debug] [2021-07-05T22:03:38.270Z] [runtime-status] [9228] Resolved module firebase-functions {"declared":true,"installed":true,"version":"3.14.1","resolution":"E:\\My React App\\amazon-clone\\functions\\node_modules\\firebase-functions\\lib\\index.js"} {"metadata":{"emulator":{"name":"functions"},"function":{"name":"us-central1-api"},"message":"[runtime-status] [9228] Resolved module firebase-functions {\"declared\":true,\"installed\":true,\"version\":\"3.14.1\",\"resolution\":\"E:\\\\My React App\\\\amazon-clone\\\\functions\\\\node_modules\\\\firebase-functions\\\\lib\\\\index.js\"}"}}
[debug] [2021-07-05T22:03:38.272Z] [runtime-status] [9228] Resolved module firebase-functions {"declared":true,"installed":true,"version":"3.14.1","resolution":"E:\\My React App\\amazon-clone\\functions\\node_modules\\firebase-functions\\lib\\index.js"} {"metadata":{"emulator":{"name":"functions"},"function":{"name":"us-central1-api"},"message":"[runtime-status] [9228] Resolved module firebase-functions {\"declared\":true,\"installed\":true,\"version\":\"3.14.1\",\"resolution\":\"E:\\\\My React App\\\\amazon-clone\\\\functions\\\\node_modules\\\\firebase-functions\\\\lib\\\\index.js\"}"}}
[debug] [2021-07-05T22:03:38.273Z] [runtime-status] [9228] Outgoing network have been stubbed. [{"name":"http","status":"mocked"},{"name":"http","status":"mocked"},{"name":"https","status":"mocked"},{"name":"https","status":"mocked"},{"name":"net","status":"mocked"}] {"metadata":{"emulator":{"name":"functions"},"function":{"name":"us-central1-api"},"message":"[runtime-status] [9228] Outgoing network have been stubbed. [{\"name\":\"http\",\"status\":\"mocked\"},{\"name\":\"http\",\"status\":\"mocked\"},{\"name\":\"https\",\"status\":\"mocked\"},{\"name\":\"https\",\"status\":\"mocked\"},{\"name\":\"net\",\"status\":\"mocked\"}]"}}
[debug] [2021-07-05T22:03:38.274Z] [runtime-status] [9228] Resolved module firebase-functions {"declared":true,"installed":true,"version":"3.14.1","resolution":"E:\\My React App\\amazon-clone\\functions\\node_modules\\firebase-functions\\lib\\index.js"} {"metadata":{"emulator":{"name":"functions"},"function":{"name":"us-central1-api"},"message":"[runtime-status] [9228] Resolved module firebase-functions {\"declared\":true,\"installed\":true,\"version\":\"3.14.1\",\"resolution\":\"E:\\\\My React App\\\\amazon-clone\\\\functions\\\\node_modules\\\\firebase-functions\\\\lib\\\\index.js\"}"}}
[debug] [2021-07-05T22:03:38.346Z] [runtime-status] [9228] Checked functions.config() {"config":{}} {"metadata":{"emulator":{"name":"functions"},"function":{"name":"us-central1-api"},"message":"[runtime-status] [9228] Checked functions.config() {\"config\":{}}"}}
[debug] [2021-07-05T22:03:38.347Z] [runtime-status] [9228] firebase-functions has been stubbed. {"functionsResolution":{"declared":true,"installed":true,"version":"3.14.1","resolution":"E:\\My React App\\amazon-clone\\functions\\node_modules\\firebase-functions\\lib\\index.js"}} {"metadata":{"emulator":{"name":"functions"},"function":{"name":"us-central1-api"},"message":"[runtime-status] [9228] firebase-functions has been stubbed. {\"functionsResolution\":{\"declared\":true,\"installed\":true,\"version\":\"3.14.1\",\"resolution\":\"E:\\\\My React App\\\\amazon-clone\\\\functions\\\\node_modules\\\\firebase-functions\\\\lib\\\\index.js\"}}"}}
[debug] [2021-07-05T22:03:38.348Z] [runtime-status] [9228] Resolved module firebase-functions {"declared":true,"installed":true,"version":"3.14.1","resolution":"E:\\My React App\\amazon-clone\\functions\\node_modules\\firebase-functions\\lib\\index.js"} {"metadata":{"emulator":{"name":"functions"},"function":{"name":"us-central1-api"},"message":"[runtime-status] [9228] Resolved module firebase-functions {\"declared\":true,\"installed\":true,\"version\":\"3.14.1\",\"resolution\":\"E:\\\\My React App\\\\amazon-clone\\\\functions\\\\node_modules\\\\firebase-functions\\\\lib\\\\index.js\"}"}}
[debug] [2021-07-05T22:03:38.363Z] [runtime-status] [9228] Resolved module firebase-admin {"declared":true,"installed":true,"version":"8.13.0","resolution":"E:\\My React App\\amazon-clone\\functions\\node_modules\\firebase-admin\\lib\\index.js"} {"metadata":{"emulator":{"name":"functions"},"function":{"name":"us-central1-api"},"message":"[runtime-status] [9228] Resolved module firebase-admin {\"declared\":true,\"installed\":true,\"version\":\"8.13.0\",\"resolution\":\"E:\\\\My React App\\\\amazon-clone\\\\functions\\\\node_modules\\\\firebase-admin\\\\lib\\\\index.js\"}"}}
[debug] [2021-07-05T22:03:38.371Z] [runtime-status] [9228] Resolved module firebase-functions {"declared":true,"installed":true,"version":"3.14.1","resolution":"E:\\My React App\\amazon-clone\\functions\\node_modules\\firebase-functions\\lib\\index.js"} {"metadata":{"emulator":{"name":"functions"},"function":{"name":"us-central1-api"},"message":"[runtime-status] [9228] Resolved module firebase-functions {\"declared\":true,\"installed\":true,\"version\":\"3.14.1\",\"resolution\":\"E:\\\\My React App\\\\amazon-clone\\\\functions\\\\node_modules\\\\firebase-functions\\\\lib\\\\index.js\"}"}}
[debug] [2021-07-05T22:03:38.373Z] [runtime-status] [9228] firebase-admin has been stubbed. {"adminResolution":{"declared":true,"installed":true,"version":"8.13.0","resolution":"E:\\My React App\\amazon-clone\\functions\\node_modules\\firebase-admin\\lib\\index.js"}} {"metadata":{"emulator":{"name":"functions"},"function":{"name":"us-central1-api"},"message":"[runtime-status] [9228] firebase-admin has been stubbed. {\"adminResolution\":{\"declared\":true,\"installed\":true,\"version\":\"8.13.0\",\"resolution\":\"E:\\\\My React App\\\\amazon-clone\\\\functions\\\\node_modules\\\\firebase-admin\\\\lib\\\\index.js\"}}"}}
[debug] [2021-07-05T22:03:38.550Z] [runtime-status] [9228] Trigger "us-central1-api" has been found, beginning invocation! {"metadata":{"emulator":{"name":"functions"},"function":{"name":"us-central1-api"},"message":"[runtime-status] [9228] Trigger \"us-central1-api\" has been found, beginning invocation!"}}
[info] i  functions: Beginning execution of "us-central1-api" {"metadata":{"emulator":{"name":"functions"},"function":{"name":"us-central1-api"},"message":"Beginning execution of \"us-central1-api\""}}
[debug] [2021-07-05T22:03:38.551Z] [runtime-status] [9228] triggerDefinition {"httpsTrigger":{},"name":"api","entryPoint":"api","regions":["us-central1"],"region":"us-central1","id":"us-central1-api"} {"metadata":{"emulator":{"name":"functions"},"function":{"name":"us-central1-api"},"message":"[runtime-status] [9228] triggerDefinition {\"httpsTrigger\":{},\"name\":\"api\",\"entryPoint\":\"api\",\"regions\":[\"us-central1\"],\"region\":\"us-central1\",\"id\":\"us-central1-api\"}"}}
[debug] [2021-07-05T22:03:38.551Z] [runtime-status] [9228] Running us-central1-api in mode HTTPS {"metadata":{"emulator":{"name":"functions"},"function":{"name":"us-central1-api"},"message":"[runtime-status] [9228] Running us-central1-api in mode HTTPS"}}
[debug] [2021-07-05T22:03:38.556Z] [runtime-status] [9228] Attempting to listen to socketPath: \\?\pipe\E:\My React App\amazon-clone\functions\9228 {"metadata":{"emulator":{"name":"functions"},"function":{"name":"us-central1-api"},"message":"[runtime-status] [9228] Attempting to listen to socketPath: \\\\?\\pipe\\E:\\My React App\\amazon-clone\\functions\\9228"}}
[debug] [2021-07-05T22:03:38.561Z] [functions] Runtime ready! Sending request! {"metadata":{"emulator":{"name":"functions"},"message":"[functions] Runtime ready! Sending request!"}}
[debug] [2021-07-05T22:03:38.589Z] [functions] Got req.url=/challenge-a5dc5/us-central1/api/payments/create?total=0, mapping to path=/payments/create?total=0 {"metadata":{"emulator":{"name":"functions"},"message":"[functions] Got req.url=/challenge-a5dc5/us-central1/api/payments/create?total=0, mapping to path=/payments/create?total=0"}}
[debug] [2021-07-05T22:03:38.596Z] [runtime-status] [9228] Ephemeral server handling POST request {"metadata":{"emulator":{"name":"functions"},"function":{"name":"us-central1-api"},"message":"[runtime-status] [9228] Ephemeral server handling POST request"}}
[info] >  Payment Request Recieved BOOM!!! for this amount >>> 0 {"user":"Payment Request Recieved BOOM!!! for this amount >>> 0","metadata":{"emulator":{"name":"functions"},"function":{"name":"us-central1-api"},"message":"\u001b[90m> \u001b[39m Payment Request Recieved BOOM!!! for this amount >>> 0"}}
[debug] [2021-07-05T22:03:38.653Z] [runtime-status] [9228] Ephemeral server survived. {"metadata":{"emulator":{"name":"functions"},"function":{"name":"us-central1-api"},"message":"[runtime-status] [9228] Ephemeral server survived."}}
[info] >  (node:9228) UnhandledPromiseRejectionWarning: Error: This value must be greater than or equal to 1. {"user":"(node:9228) UnhandledPromiseRejectionWarning: Error: This value must be greater than or equal to 1.","metadata":{"emulator":{"name":"functions"},"function":{"name":"us-central1-api"},"message":"\u001b[90m> \u001b[39m (node:9228) UnhandledPromiseRejectionWarning: Error: This value must be greater than or equal to 1."}}
[info] >      at Function.generate (E:\My React App\amazon-clone\functions\node_modules\stripe\lib\Error.js:40:16) {"user":"    at Function.generate (E:\\My React App\\amazon-clone\\functions\\node_modules\\stripe\\lib\\Error.js:40:16)","metadata":{"emulator":{"name":"functions"},"function":{"name":"us-central1-api"},"message":"\u001b[90m> \u001b[39m     at Function.generate (E:\\My React App\\amazon-clone\\functions\\node_modules\\stripe\\lib\\Error.js:40:16)"}}
[info] >      at IncomingMessage.<anonymous> (E:\My React App\amazon-clone\functions\node_modules\stripe\lib\StripeResource.js:203:33) {"user":"    at IncomingMessage.<anonymous> (E:\\My React App\\amazon-clone\\functions\\node_modules\\stripe\\lib\\StripeResource.js:203:33)","metadata":{"emulator":{"name":"functions"},"function":{"name":"us-central1-api"},"message":"\u001b[90m> \u001b[39m     at IncomingMessage.<anonymous> (E:\\My React App\\amazon-clone\\functions\\node_modules\\stripe\\lib\\StripeResource.js:203:33)"}}
[info] >      at Object.onceWrapper (events.js:421:28) {"user":"    at Object.onceWrapper (events.js:421:28)","metadata":{"emulator":{"name":"functions"},"function":{"name":"us-central1-api"},"message":"\u001b[90m> \u001b[39m     at Object.onceWrapper (events.js:421:28)"}}
[info] >      at IncomingMessage.emit (events.js:327:22) {"user":"    at IncomingMessage.emit (events.js:327:22)","metadata":{"emulator":{"name":"functions"},"function":{"name":"us-central1-api"},"message":"\u001b[90m> \u001b[39m     at IncomingMessage.emit (events.js:327:22)"}}
[info] >      at endReadableNT (internal/streams/readable.js:1327:12) {"user":"    at endReadableNT (internal/streams/readable.js:1327:12)","metadata":{"emulator":{"name":"functions"},"function":{"name":"us-central1-api"},"message":"\u001b[90m> \u001b[39m     at endReadableNT (internal/streams/readable.js:1327:12)"}}
[info] >      at processTicksAndRejections (internal/process/task_queues.js:80:21) {"user":"    at processTicksAndRejections (internal/process/task_queues.js:80:21)","metadata":{"emulator":{"name":"functions"},"function":{"name":"us-central1-api"},"message":"\u001b[90m> \u001b[39m     at processTicksAndRejections (internal/process/task_queues.js:80:21)"}}
[info] >  (Use `node --trace-warnings ...` to show where the warning was created) {"user":"(Use `node --trace-warnings ...` to show where the warning was created)","metadata":{"emulator":{"name":"functions"},"function":{"name":"us-central1-api"},"message":"\u001b[90m> \u001b[39m (Use `node --trace-warnings ...` to show where the warning was created)"}}
[info] >  (node:9228) UnhandledPromiseRejectionWarning: Unhandled promise rejection. This error originated either by throwing inside of an async function without a catch block, or by rejecting a promise which was not handled with .catch(). To terminate the node process on unhandled promise rejection, use the CLI flag `--unhandled-rejections=strict` (see https://nodejs.org/api/cli.html#cli_unhandled_rejections_mode). (rejection id: 1) {"user":"(node:9228) UnhandledPromiseRejectionWarning: Unhandled promise rejection. This error originated either by throwing inside of an async function without a catch block, or by rejecting a promise which was not handled with .catch(). To terminate the node process on unhandled promise rejection, use the CLI flag `--unhandled-rejections=strict` (see https://nodejs.org/api/cli.html#cli_unhandled_rejections_mode). (rejection id: 1)","metadata":{"emulator":{"name":"functions"},"function":{"name":"us-central1-api"},"message":"\u001b[90m> \u001b[39m (node:9228) UnhandledPromiseRejectionWarning: Unhandled promise rejection. This error originated either by throwing inside of an async function without a catch block, or by rejecting a promise which was not handled with .catch(). To terminate the node process on unhandled promise rejection, use the CLI flag `--unhandled-rejections=strict` (see https://nodejs.org/api/cli.html#cli_unhandled_rejections_mode). (rejection id: 1)"}}
[info] >  (node:9228) [DEP0018] DeprecationWarning: Unhandled promise rejections are deprecated. In the future, promise rejections that are not handled will terminate the Node.js process with a non-zero exit code. {"user":"(node:9228) [DEP0018] DeprecationWarning: Unhandled promise rejections are deprecated. In the future, promise rejections that are not handled will terminate the Node.js process with a non-zero exit code.","metadata":{"emulator":{"name":"functions"},"function":{"name":"us-central1-api"},"message":"\u001b[90m> \u001b[39m (node:9228) [DEP0018] DeprecationWarning: Unhandled promise rejections are deprecated. In the future, promise rejections that are not handled will terminate the Node.js process with a non-zero exit code."}}
[debug] [2021-07-05T22:03:54.707Z] [work-queue] {"queueLength":1,"workRunningCount":1}
[debug] [2021-07-05T22:03:54.709Z] [work-queue] {"queueLength":0,"workRunningCount":2}
[debug] [2021-07-05T22:03:54.709Z] Accepted request POST /challenge-a5dc5/us-central1/api/payments/create?total=499800 --> us-central1-api
[debug] [2021-07-05T22:03:54.724Z] [worker-pool] addWorker(us-central1-api) {"metadata":{"emulator":{"name":"functions"},"message":"[worker-pool] addWorker(us-central1-api)"}}
[debug] [2021-07-05T22:03:54.724Z] [worker-pool] Adding worker with key us-central1-api, total=2 {"metadata":{"emulator":{"name":"functions"},"message":"[worker-pool] Adding worker with key us-central1-api, total=2"}}
[debug] [2021-07-05T22:03:54.725Z] [worker-pool] submitWork(triggerId=us-central1-api) {"metadata":{"emulator":{"name":"functions"},"message":"[worker-pool] submitWork(triggerId=us-central1-api)"}}
[debug] [2021-07-05T22:03:54.725Z] [worker-us-central1-api-fda7d803-4324-4bea-9da9-167206257ee7]: Assigning socketPath: \\?\pipe\E:\My React App\amazon-clone\functions\7636 {"metadata":{"emulator":{"name":"functions"},"message":"[worker-us-central1-api-fda7d803-4324-4bea-9da9-167206257ee7]: Assigning socketPath: \\\\?\\pipe\\E:\\My React App\\amazon-clone\\functions\\7636"}}
[debug] [2021-07-05T22:03:54.725Z] [worker-us-central1-api-fda7d803-4324-4bea-9da9-167206257ee7]: BUSY {"metadata":{"emulator":{"name":"functions"},"message":"[worker-us-central1-api-fda7d803-4324-4bea-9da9-167206257ee7]: BUSY"}}
[debug] [2021-07-05T22:03:55.113Z] [runtime-status] [7636] Functions runtime initialized. {"cwd":"E:\\My React App\\amazon-clone\\functions","node_version":"14.15.4"} {"metadata":{"emulator":{"name":"functions"},"function":{"name":"us-central1-api"},"message":"[runtime-status] [7636] Functions runtime initialized. {\"cwd\":\"E:\\\\My React App\\\\amazon-clone\\\\functions\",\"node_version\":\"14.15.4\"}"}}
[debug] [2021-07-05T22:03:55.115Z] [runtime-status] [7636] Disabled runtime features: undefined {"metadata":{"emulator":{"name":"functions"},"function":{"name":"us-central1-api"},"message":"[runtime-status] [7636] Disabled runtime features: undefined"}}
[debug] [2021-07-05T22:03:55.119Z] [runtime-status] [7636] Resolved module firebase-admin {"declared":true,"installed":true,"version":"8.13.0","resolution":"E:\\My React App\\amazon-clone\\functions\\node_modules\\firebase-admin\\lib\\index.js"} {"metadata":{"emulator":{"name":"functions"},"function":{"name":"us-central1-api"},"message":"[runtime-status] [7636] Resolved module firebase-admin {\"declared\":true,\"installed\":true,\"version\":\"8.13.0\",\"resolution\":\"E:\\\\My React App\\\\amazon-clone\\\\functions\\\\node_modules\\\\firebase-admin\\\\lib\\\\index.js\"}"}}
[debug] [2021-07-05T22:03:55.121Z] [runtime-status] [7636] Resolved module firebase-functions {"declared":true,"installed":true,"version":"3.14.1","resolution":"E:\\My React App\\amazon-clone\\functions\\node_modules\\firebase-functions\\lib\\index.js"} {"metadata":{"emulator":{"name":"functions"},"function":{"name":"us-central1-api"},"message":"[runtime-status] [7636] Resolved module firebase-functions {\"declared\":true,\"installed\":true,\"version\":\"3.14.1\",\"resolution\":\"E:\\\\My React App\\\\amazon-clone\\\\functions\\\\node_modules\\\\firebase-functions\\\\lib\\\\index.js\"}"}}
[debug] [2021-07-05T22:03:55.124Z] [runtime-status] [7636] Resolved module firebase-functions {"declared":true,"installed":true,"version":"3.14.1","resolution":"E:\\My React App\\amazon-clone\\functions\\node_modules\\firebase-functions\\lib\\index.js"} {"metadata":{"emulator":{"name":"functions"},"function":{"name":"us-central1-api"},"message":"[runtime-status] [7636] Resolved module firebase-functions {\"declared\":true,\"installed\":true,\"version\":\"3.14.1\",\"resolution\":\"E:\\\\My React App\\\\amazon-clone\\\\functions\\\\node_modules\\\\firebase-functions\\\\lib\\\\index.js\"}"}}
[debug] [2021-07-05T22:03:55.127Z] [runtime-status] [7636] Outgoing network have been stubbed. [{"name":"http","status":"mocked"},{"name":"http","status":"mocked"},{"name":"https","status":"mocked"},{"name":"https","status":"mocked"},{"name":"net","status":"mocked"}] {"metadata":{"emulator":{"name":"functions"},"function":{"name":"us-central1-api"},"message":"[runtime-status] [7636] Outgoing network have been stubbed. [{\"name\":\"http\",\"status\":\"mocked\"},{\"name\":\"http\",\"status\":\"mocked\"},{\"name\":\"https\",\"status\":\"mocked\"},{\"name\":\"https\",\"status\":\"mocked\"},{\"name\":\"net\",\"status\":\"mocked\"}]"}}
[debug] [2021-07-05T22:03:55.127Z] [runtime-status] [7636] Resolved module firebase-functions {"declared":true,"installed":true,"version":"3.14.1","resolution":"E:\\My React App\\amazon-clone\\functions\\node_modules\\firebase-functions\\lib\\index.js"} {"metadata":{"emulator":{"name":"functions"},"function":{"name":"us-central1-api"},"message":"[runtime-status] [7636] Resolved module firebase-functions {\"declared\":true,\"installed\":true,\"version\":\"3.14.1\",\"resolution\":\"E:\\\\My React App\\\\amazon-clone\\\\functions\\\\node_modules\\\\firebase-functions\\\\lib\\\\index.js\"}"}}
[debug] [2021-07-05T22:03:55.175Z] [runtime-status] [7636] Checked functions.config() {"config":{}} {"metadata":{"emulator":{"name":"functions"},"function":{"name":"us-central1-api"},"message":"[runtime-status] [7636] Checked functions.config() {\"config\":{}}"}}
[debug] [2021-07-05T22:03:55.176Z] [runtime-status] [7636] firebase-functions has been stubbed. {"functionsResolution":{"declared":true,"installed":true,"version":"3.14.1","resolution":"E:\\My React App\\amazon-clone\\functions\\node_modules\\firebase-functions\\lib\\index.js"}} {"metadata":{"emulator":{"name":"functions"},"function":{"name":"us-central1-api"},"message":"[runtime-status] [7636] firebase-functions has been stubbed. {\"functionsResolution\":{\"declared\":true,\"installed\":true,\"version\":\"3.14.1\",\"resolution\":\"E:\\\\My React App\\\\amazon-clone\\\\functions\\\\node_modules\\\\firebase-functions\\\\lib\\\\index.js\"}}"}}
[debug] [2021-07-05T22:03:55.176Z] [runtime-status] [7636] Resolved module firebase-functions {"declared":true,"installed":true,"version":"3.14.1","resolution":"E:\\My React App\\amazon-clone\\functions\\node_modules\\firebase-functions\\lib\\index.js"} {"metadata":{"emulator":{"name":"functions"},"function":{"name":"us-central1-api"},"message":"[runtime-status] [7636] Resolved module firebase-functions {\"declared\":true,\"installed\":true,\"version\":\"3.14.1\",\"resolution\":\"E:\\\\My React App\\\\amazon-clone\\\\functions\\\\node_modules\\\\firebase-functions\\\\lib\\\\index.js\"}"}}
[debug] [2021-07-05T22:03:55.177Z] [runtime-status] [7636] Resolved module firebase-admin {"declared":true,"installed":true,"version":"8.13.0","resolution":"E:\\My React App\\amazon-clone\\functions\\node_modules\\firebase-admin\\lib\\index.js"} {"metadata":{"emulator":{"name":"functions"},"function":{"name":"us-central1-api"},"message":"[runtime-status] [7636] Resolved module firebase-admin {\"declared\":true,\"installed\":true,\"version\":\"8.13.0\",\"resolution\":\"E:\\\\My React App\\\\amazon-clone\\\\functions\\\\node_modules\\\\firebase-admin\\\\lib\\\\index.js\"}"}}
[debug] [2021-07-05T22:03:55.178Z] [runtime-status] [7636] Resolved module firebase-functions {"declared":true,"installed":true,"version":"3.14.1","resolution":"E:\\My React App\\amazon-clone\\functions\\node_modules\\firebase-functions\\lib\\index.js"} {"metadata":{"emulator":{"name":"functions"},"function":{"name":"us-central1-api"},"message":"[runtime-status] [7636] Resolved module firebase-functions {\"declared\":true,\"installed\":true,\"version\":\"3.14.1\",\"resolution\":\"E:\\\\My React App\\\\amazon-clone\\\\functions\\\\node_modules\\\\firebase-functions\\\\lib\\\\index.js\"}"}}
[debug] [2021-07-05T22:03:55.178Z] [runtime-status] [7636] firebase-admin has been stubbed. {"adminResolution":{"declared":true,"installed":true,"version":"8.13.0","resolution":"E:\\My React App\\amazon-clone\\functions\\node_modules\\firebase-admin\\lib\\index.js"}} {"metadata":{"emulator":{"name":"functions"},"function":{"name":"us-central1-api"},"message":"[runtime-status] [7636] firebase-admin has been stubbed. {\"adminResolution\":{\"declared\":true,\"installed\":true,\"version\":\"8.13.0\",\"resolution\":\"E:\\\\My React App\\\\amazon-clone\\\\functions\\\\node_modules\\\\firebase-admin\\\\lib\\\\index.js\"}}"}}
[debug] [2021-07-05T22:03:55.339Z] [runtime-status] [7636] Trigger "us-central1-api" has been found, beginning invocation! {"metadata":{"emulator":{"name":"functions"},"function":{"name":"us-central1-api"},"message":"[runtime-status] [7636] Trigger \"us-central1-api\" has been found, beginning invocation!"}}
[info] i  functions: Beginning execution of "us-central1-api" {"metadata":{"emulator":{"name":"functions"},"function":{"name":"us-central1-api"},"message":"Beginning execution of \"us-central1-api\""}}
[debug] [2021-07-05T22:03:55.340Z] [runtime-status] [7636] triggerDefinition {"httpsTrigger":{},"name":"api","entryPoint":"api","regions":["us-central1"],"region":"us-central1","id":"us-central1-api"} {"metadata":{"emulator":{"name":"functions"},"function":{"name":"us-central1-api"},"message":"[runtime-status] [7636] triggerDefinition {\"httpsTrigger\":{},\"name\":\"api\",\"entryPoint\":\"api\",\"regions\":[\"us-central1\"],\"region\":\"us-central1\",\"id\":\"us-central1-api\"}"}}
[debug] [2021-07-05T22:03:55.341Z] [runtime-status] [7636] Running us-central1-api in mode HTTPS {"metadata":{"emulator":{"name":"functions"},"function":{"name":"us-central1-api"},"message":"[runtime-status] [7636] Running us-central1-api in mode HTTPS"}}
[debug] [2021-07-05T22:03:55.345Z] [runtime-status] [7636] Attempting to listen to socketPath: \\?\pipe\E:\My React App\amazon-clone\functions\7636 {"metadata":{"emulator":{"name":"functions"},"function":{"name":"us-central1-api"},"message":"[runtime-status] [7636] Attempting to listen to socketPath: \\\\?\\pipe\\E:\\My React App\\amazon-clone\\functions\\7636"}}
[debug] [2021-07-05T22:03:55.350Z] [functions] Runtime ready! Sending request! {"metadata":{"emulator":{"name":"functions"},"message":"[functions] Runtime ready! Sending request!"}}
[debug] [2021-07-05T22:03:55.350Z] [functions] Got req.url=/challenge-a5dc5/us-central1/api/payments/create?total=499800, mapping to path=/payments/create?total=499800 {"metadata":{"emulator":{"name":"functions"},"message":"[functions] Got req.url=/challenge-a5dc5/us-central1/api/payments/create?total=499800, mapping to path=/payments/create?total=499800"}}
[debug] [2021-07-05T22:03:55.365Z] [runtime-status] [7636] Ephemeral server handling POST request {"metadata":{"emulator":{"name":"functions"},"function":{"name":"us-central1-api"},"message":"[runtime-status] [7636] Ephemeral server handling POST request"}}
[info] >  Payment Request Recieved BOOM!!! for this amount >>> 499800 {"user":"Payment Request Recieved BOOM!!! for this amount >>> 499800","metadata":{"emulator":{"name":"functions"},"function":{"name":"us-central1-api"},"message":"\u001b[90m> \u001b[39m Payment Request Recieved BOOM!!! for this amount >>> 499800"}}
[debug] [2021-07-05T22:03:55.412Z] [runtime-status] [7636] Ephemeral server survived. {"metadata":{"emulator":{"name":"functions"},"function":{"name":"us-central1-api"},"message":"[runtime-status] [7636] Ephemeral server survived."}}
[info] i  functions: Finished "us-central1-api" in ~1s {"metadata":{"emulator":{"name":"functions"},"function":{"name":"us-central1-api"},"message":"Finished \"us-central1-api\" in ~1s"}}
[debug] [2021-07-05T22:03:56.408Z] [worker-us-central1-api-fda7d803-4324-4bea-9da9-167206257ee7]: IDLE {"metadata":{"emulator":{"name":"functions"},"message":"[worker-us-central1-api-fda7d803-4324-4bea-9da9-167206257ee7]: IDLE"}}
[debug] [2021-07-05T22:03:56.409Z] [work-queue] {"queueLength":0,"workRunningCount":1}
[debug] [2021-07-05T22:04:10.348Z] [work-queue] {"queueLength":1,"workRunningCount":1}
[debug] [2021-07-05T22:04:10.349Z] [work-queue] {"queueLength":0,"workRunningCount":2}
[debug] [2021-07-05T22:04:10.349Z] Accepted request POST /challenge-a5dc5/us-central1/api/payments/create?total=0 --> us-central1-api
[debug] [2021-07-05T22:04:10.350Z] [worker-pool] submitWork(triggerId=us-central1-api) {"metadata":{"emulator":{"name":"functions"},"message":"[worker-pool] submitWork(triggerId=us-central1-api)"}}
[debug] [2021-07-05T22:04:10.350Z] [worker-us-central1-api-fda7d803-4324-4bea-9da9-167206257ee7]: Assigning socketPath: \\?\pipe\E:\My React App\amazon-clone\functions\7636 {"metadata":{"emulator":{"name":"functions"},"message":"[worker-us-central1-api-fda7d803-4324-4bea-9da9-167206257ee7]: Assigning socketPath: \\\\?\\pipe\\E:\\My React App\\amazon-clone\\functions\\7636"}}
[debug] [2021-07-05T22:04:10.351Z] [worker-us-central1-api-fda7d803-4324-4bea-9da9-167206257ee7]: BUSY {"metadata":{"emulator":{"name":"functions"},"message":"[worker-us-central1-api-fda7d803-4324-4bea-9da9-167206257ee7]: BUSY"}}
[debug] [2021-07-05T22:04:10.353Z] [runtime-status] [7636] Trigger "us-central1-api" has been found, beginning invocation! {"metadata":{"emulator":{"name":"functions"},"function":{"name":"us-central1-api"},"message":"[runtime-status] [7636] Trigger \"us-central1-api\" has been found, beginning invocation!"}}
[info] i  functions: Beginning execution of "us-central1-api" {"metadata":{"emulator":{"name":"functions"},"function":{"name":"us-central1-api"},"message":"Beginning execution of \"us-central1-api\""}}
[debug] [2021-07-05T22:04:10.363Z] [runtime-status] [7636] triggerDefinition {"httpsTrigger":{},"name":"api","entryPoint":"api","regions":["us-central1"],"region":"us-central1","id":"us-central1-api"} {"metadata":{"emulator":{"name":"functions"},"function":{"name":"us-central1-api"},"message":"[runtime-status] [7636] triggerDefinition {\"httpsTrigger\":{},\"name\":\"api\",\"entryPoint\":\"api\",\"regions\":[\"us-central1\"],\"region\":\"us-central1\",\"id\":\"us-central1-api\"}"}}
[debug] [2021-07-05T22:04:10.364Z] [runtime-status] [7636] Running us-central1-api in mode HTTPS {"metadata":{"emulator":{"name":"functions"},"function":{"name":"us-central1-api"},"message":"[runtime-status] [7636] Running us-central1-api in mode HTTPS"}}
[debug] [2021-07-05T22:04:10.365Z] [runtime-status] [7636] Attempting to listen to socketPath: \\?\pipe\E:\My React App\amazon-clone\functions\7636 {"metadata":{"emulator":{"name":"functions"},"function":{"name":"us-central1-api"},"message":"[runtime-status] [7636] Attempting to listen to socketPath: \\\\?\\pipe\\E:\\My React App\\amazon-clone\\functions\\7636"}}
[debug] [2021-07-05T22:04:10.372Z] [functions] Runtime ready! Sending request! {"metadata":{"emulator":{"name":"functions"},"message":"[functions] Runtime ready! Sending request!"}}
[debug] [2021-07-05T22:04:10.373Z] [functions] Got req.url=/challenge-a5dc5/us-central1/api/payments/create?total=0, mapping to path=/payments/create?total=0 {"metadata":{"emulator":{"name":"functions"},"message":"[functions] Got req.url=/challenge-a5dc5/us-central1/api/payments/create?total=0, mapping to path=/payments/create?total=0"}}
[debug] [2021-07-05T22:04:10.382Z] [runtime-status] [7636] Ephemeral server handling POST request {"metadata":{"emulator":{"name":"functions"},"function":{"name":"us-central1-api"},"message":"[runtime-status] [7636] Ephemeral server handling POST request"}}
[info] >  Payment Request Recieved BOOM!!! for this amount >>> 0 {"user":"Payment Request Recieved BOOM!!! for this amount >>> 0","metadata":{"emulator":{"name":"functions"},"function":{"name":"us-central1-api"},"message":"\u001b[90m> \u001b[39m Payment Request Recieved BOOM!!! for this amount >>> 0"}}
[debug] [2021-07-05T22:04:10.385Z] [runtime-status] [7636] Ephemeral server survived. {"metadata":{"emulator":{"name":"functions"},"function":{"name":"us-central1-api"},"message":"[runtime-status] [7636] Ephemeral server survived."}}
[info] >  (node:7636) UnhandledPromiseRejectionWarning: Error: This value must be greater than or equal to 1. {"user":"(node:7636) UnhandledPromiseRejectionWarning: Error: This value must be greater than or equal to 1.","metadata":{"emulator":{"name":"functions"},"function":{"name":"us-central1-api"},"message":"\u001b[90m> \u001b[39m (node:7636) UnhandledPromiseRejectionWarning: Error: This value must be greater than or equal to 1."}}
[info] >      at Function.generate (E:\My React App\amazon-clone\functions\node_modules\stripe\lib\Error.js:40:16) {"user":"    at Function.generate (E:\\My React App\\amazon-clone\\functions\\node_modules\\stripe\\lib\\Error.js:40:16)","metadata":{"emulator":{"name":"functions"},"function":{"name":"us-central1-api"},"message":"\u001b[90m> \u001b[39m     at Function.generate (E:\\My React App\\amazon-clone\\functions\\node_modules\\stripe\\lib\\Error.js:40:16)"}}
[info] >      at IncomingMessage.<anonymous> (E:\My React App\amazon-clone\functions\node_modules\stripe\lib\StripeResource.js:203:33) {"user":"    at IncomingMessage.<anonymous> (E:\\My React App\\amazon-clone\\functions\\node_modules\\stripe\\lib\\StripeResource.js:203:33)","metadata":{"emulator":{"name":"functions"},"function":{"name":"us-central1-api"},"message":"\u001b[90m> \u001b[39m     at IncomingMessage.<anonymous> (E:\\My React App\\amazon-clone\\functions\\node_modules\\stripe\\lib\\StripeResource.js:203:33)"}}
[info] >      at Object.onceWrapper (events.js:421:28) {"user":"    at Object.onceWrapper (events.js:421:28)","metadata":{"emulator":{"name":"functions"},"function":{"name":"us-central1-api"},"message":"\u001b[90m> \u001b[39m     at Object.onceWrapper (events.js:421:28)"}}
[info] >      at IncomingMessage.emit (events.js:327:22) {"user":"    at IncomingMessage.emit (events.js:327:22)","metadata":{"emulator":{"name":"functions"},"function":{"name":"us-central1-api"},"message":"\u001b[90m> \u001b[39m     at IncomingMessage.emit (events.js:327:22)"}}
[info] >      at endReadableNT (internal/streams/readable.js:1327:12) {"user":"    at endReadableNT (internal/streams/readable.js:1327:12)","metadata":{"emulator":{"name":"functions"},"function":{"name":"us-central1-api"},"message":"\u001b[90m> \u001b[39m     at endReadableNT (internal/streams/readable.js:1327:12)"}}
[info] >      at processTicksAndRejections (internal/process/task_queues.js:80:21) {"user":"    at processTicksAndRejections (internal/process/task_queues.js:80:21)","metadata":{"emulator":{"name":"functions"},"function":{"name":"us-central1-api"},"message":"\u001b[90m> \u001b[39m     at processTicksAndRejections (internal/process/task_queues.js:80:21)"}}
[info] >  (Use `node --trace-warnings ...` to show where the warning was created) {"user":"(Use `node --trace-warnings ...` to show where the warning was created)","metadata":{"emulator":{"name":"functions"},"function":{"name":"us-central1-api"},"message":"\u001b[90m> \u001b[39m (Use `node --trace-warnings ...` to show where the warning was created)"}}
[info] >  (node:7636) UnhandledPromiseRejectionWarning: Unhandled promise rejection. This error originated either by throwing inside of an async function without a catch block, or by rejecting a promise which was not handled with .catch(). To terminate the node process on unhandled promise rejection, use the CLI flag `--unhandled-rejections=strict` (see https://nodejs.org/api/cli.html#cli_unhandled_rejections_mode). (rejection id: 1) {"user":"(node:7636) UnhandledPromiseRejectionWarning: Unhandled promise rejection. This error originated either by throwing inside of an async function without a catch block, or by rejecting a promise which was not handled with .catch(). To terminate the node process on unhandled promise rejection, use the CLI flag `--unhandled-rejections=strict` (see https://nodejs.org/api/cli.html#cli_unhandled_rejections_mode). (rejection id: 1)","metadata":{"emulator":{"name":"functions"},"function":{"name":"us-central1-api"},"message":"\u001b[90m> \u001b[39m (node:7636) UnhandledPromiseRejectionWarning: Unhandled promise rejection. This error originated either by throwing inside of an async function without a catch block, or by rejecting a promise which was not handled with .catch(). To terminate the node process on unhandled promise rejection, use the CLI flag `--unhandled-rejections=strict` (see https://nodejs.org/api/cli.html#cli_unhandled_rejections_mode). (rejection id: 1)"}}
[info] >  (node:7636) [DEP0018] DeprecationWarning: Unhandled promise rejections are deprecated. In the future, promise rejections that are not handled will terminate the Node.js process with a non-zero exit code. {"user":"(node:7636) [DEP0018] DeprecationWarning: Unhandled promise rejections are deprecated. In the future, promise rejections that are not handled will terminate the Node.js process with a non-zero exit code.","metadata":{"emulator":{"name":"functions"},"function":{"name":"us-central1-api"},"message":"\u001b[90m> \u001b[39m (node:7636) [DEP0018] DeprecationWarning: Unhandled promise rejections are deprecated. In the future, promise rejections that are not handled will terminate the Node.js process with a non-zero exit code."}}
[warn] !  functions: Your function timed out after ~60s. To configure this timeout, see
      https://firebase.google.com/docs/functions/manage-functions#set_timeout_and_memory_allocation. {"metadata":{"emulator":{"name":"functions"},"function":{"name":"us-central1-api"},"message":"Your function timed out after ~60s. To configure this timeout, see\n      https://firebase.google.com/docs/functions/manage-functions#set_timeout_and_memory_allocation."}}
[info] >  C:\Users\ASUS\AppData\Roaming\npm\node_modules\firebase-tools\lib\emulator\functionsEmulatorRuntime.js:648 {"user":"C:\\Users\\ASUS\\AppData\\Roaming\\npm\\node_modules\\firebase-tools\\lib\\emulator\\functionsEmulatorRuntime.js:648\r","metadata":{"emulator":{"name":"functions"},"function":{"name":"us-central1-api"},"message":"\u001b[90m> \u001b[39m C:\\Users\\ASUS\\AppData\\Roaming\\npm\\node_modules\\firebase-tools\\lib\\emulator\\functionsEmulatorRuntime.js:648\r"}}
[info] >              throw new Error("Function timed out."); {"user":"            throw new Error(\"Function timed out.\");\r","metadata":{"emulator":{"name":"functions"},"function":{"name":"us-central1-api"},"message":"\u001b[90m> \u001b[39m             throw new Error(\"Function timed out.\");\r"}}
[info] >              ^ {"user":"            ^\r","metadata":{"emulator":{"name":"functions"},"function":{"name":"us-central1-api"},"message":"\u001b[90m> \u001b[39m             ^\r"}}
[info] >   {"user":"\r","metadata":{"emulator":{"name":"functions"},"function":{"name":"us-central1-api"},"message":"\u001b[90m> \u001b[39m \r"}}
[info] >  Error: Function timed out. {"user":"Error: Function timed out.\r","metadata":{"emulator":{"name":"functions"},"function":{"name":"us-central1-api"},"message":"\u001b[90m> \u001b[39m Error: Function timed out.\r"}}
[info] >      at Timeout._onTimeout (C:\Users\ASUS\AppData\Roaming\npm\node_modules\firebase-tools\lib\emulator\functionsEmulatorRuntime.js:648:19) {"user":"    at Timeout._onTimeout (C:\\Users\\ASUS\\AppData\\Roaming\\npm\\node_modules\\firebase-tools\\lib\\emulator\\functionsEmulatorRuntime.js:648:19)\r","metadata":{"emulator":{"name":"functions"},"function":{"name":"us-central1-api"},"message":"\u001b[90m> \u001b[39m     at Timeout._onTimeout (C:\\Users\\ASUS\\AppData\\Roaming\\npm\\node_modules\\firebase-tools\\lib\\emulator\\functionsEmulatorRuntime.js:648:19)\r"}}
[info] >      at listOnTimeout (internal/timers.js:554:17) {"user":"    at listOnTimeout (internal/timers.js:554:17)\r","metadata":{"emulator":{"name":"functions"},"function":{"name":"us-central1-api"},"message":"\u001b[90m> \u001b[39m     at listOnTimeout (internal/timers.js:554:17)\r"}}
[info] >      at processTimers (internal/timers.js:497:7) {"user":"    at processTimers (internal/timers.js:497:7)\r","metadata":{"emulator":{"name":"functions"},"function":{"name":"us-central1-api"},"message":"\u001b[90m> \u001b[39m     at processTimers (internal/timers.js:497:7)\r"}}
[debug] [2021-07-05T22:04:38.978Z] [worker-us-central1-api-7a7b8641-c82c-450a-9fb5-588dbf257f14]: exited {"metadata":{"emulator":{"name":"functions"},"message":"[worker-us-central1-api-7a7b8641-c82c-450a-9fb5-588dbf257f14]: exited"}}
[debug] [2021-07-05T22:04:38.978Z] [worker-us-central1-api-7a7b8641-c82c-450a-9fb5-588dbf257f14]: FINISHED {"metadata":{"emulator":{"name":"functions"},"message":"[worker-us-central1-api-7a7b8641-c82c-450a-9fb5-588dbf257f14]: FINISHED"}}
[debug] [2021-07-05T22:04:38.978Z] [work-queue] {"queueLength":0,"workRunningCount":1}
[warn] !  functions: Your function timed out after ~60s. To configure this timeout, see
      https://firebase.google.com/docs/functions/manage-functions#set_timeout_and_memory_allocation. {"metadata":{"emulator":{"name":"functions"},"function":{"name":"us-central1-api"},"message":"Your function timed out after ~60s. To configure this timeout, see\n      https://firebase.google.com/docs/functions/manage-functions#set_timeout_and_memory_allocation."}}
